<?xml version="1.0" encoding="UTF-8"?>
<testsuite xmlns:xsi="http://www.w3.org/2001/XMLSchema-instance" xsi:noNamespaceSchemaLocation="https://maven.apache.org/surefire/maven-surefire-plugin/xsd/surefire-test-report-3.0.xsd" version="3.0" name="com.interview.platform.mod01_authentication.JwtTokenManagementControllerTest" time="0.1" tests="7" errors="0" skipped="0" failures="0">
  <properties>
[...]
</properties>
  <testcase name="whenTokenReuseAfterLogout_TC010207" classname="com.interview.platform.mod01_authentication.JwtTokenManagementControllerTest" time="0.004">
    <system-out><![CDATA[2026-06-11T21:49:13.781+05:30  INFO 28927 --- [           main] t.c.s.AnnotationConfigContextLoaderUtils : Could not detect default configuration classes for test class [com.interview.platform.mod01_authentication.JwtTokenManagementControllerTest]: JwtTokenManagementControllerTest does not declare any static, non-private, non-final, nested classes annotated with @Configuration.
2026-06-11T21:49:13.783+05:30  INFO 28927 --- [           main] .b.t.c.SpringBootTestContextBootstrapper : Found @SpringBootConfiguration com.interview.platform.Application for test class com.interview.platform.mod01_authentication.JwtTokenManagementControllerTest

  .   ____          _            __ _ _
 /\\ / ___'_ __ _ _(_)_ __  __ _ \ \ \ \
( ( )\___ | '_ | '_| | '_ \/ _` | \ \ \ \
 \\/  ___)| |_)| | | | | || (_| |  ) ) ) )
  '  |____| .__|_| |_|_| |_\__, | / / / /
 =========|_|==============|___/=/_/_/_/
 :: Spring Boot ::                (v3.2.5)

2026-06-11T21:49:13.788+05:30  INFO 28927 --- [           main] c.i.p.m.JwtTokenManagementControllerTest : Starting JwtTokenManagementControllerTest using Java 26.0.1 with PID 28927 (started by apple in /Users/apple/AI-Powered Interview Preparation Platform/backend)
2026-06-11T21:49:13.789+05:30  INFO 28927 --- [           main] c.i.p.m.JwtTokenManagementControllerTest : No active profile set, falling back to 1 default profile: "default"
2026-06-11T21:49:13.862+05:30  INFO 28927 --- [           main] o.s.b.t.m.w.SpringBootMockServletContext : Initializing Spring TestDispatcherServlet ''
2026-06-11T21:49:13.862+05:30  INFO 28927 --- [           main] o.s.t.web.servlet.TestDispatcherServlet  : Initializing Servlet ''
2026-06-11T21:49:13.863+05:30  INFO 28927 --- [           main] o.s.t.web.servlet.TestDispatcherServlet  : Completed initialization in 1 ms
2026-06-11T21:49:13.864+05:30  INFO 28927 --- [           main] c.i.p.m.JwtTokenManagementControllerTest : Started JwtTokenManagementControllerTest in 0.08 seconds (process running for 3.514)
]]></system-out>
  </testcase>
  <testcase name="whenValidJwtRefreshToken_TC010205" classname="com.interview.platform.mod01_authentication.JwtTokenManagementControllerTest" time="0.001"/>
  <testcase name="whenExpiredRefreshToken_TC010202" classname="com.interview.platform.mod01_authentication.JwtTokenManagementControllerTest" time="0.001"/>
  <testcase name="whenMalformedJwtString_TC010204" classname="com.interview.platform.mod01_authentication.JwtTokenManagementControllerTest" time="0.001"/>
  <testcase name="whenValidRefreshToken_TC010201" classname="com.interview.platform.mod01_authentication.JwtTokenManagementControllerTest" time="0.002"/>
  <testcase name="whenReuseOfRotatedOldToken_TC010203" classname="com.interview.platform.mod01_authentication.JwtTokenManagementControllerTest" time="0.001"/>
  <testcase name="whenMissingAuthorizationHeader_TC010206" classname="com.interview.platform.mod01_authentication.JwtTokenManagementControllerTest" time="0.001"/>
</testsuite>